<?xml version="1.0" encoding="UTF-8"?>
<testng-results ignored="0" total="1" passed="1" failed="0" skipped="0">
  <reporter-output>
  </reporter-output>
  <suite started-at="2025-05-23T11:10:01 IST" name="Default suite" finished-at="2025-05-23T11:10:32 IST" duration-ms="31566">
    <groups>
    </groups>
    <test started-at="2025-05-23T11:10:01 IST" name="Default test" finished-at="2025-05-23T11:10:32 IST" duration-ms="31566">
      <class name="com.runners.Execution">
        <test-method signature="runMethod()[pri:0, instance:com.runners.Execution@537f60bf]" started-at="2025-05-23T11:10:01 IST" name="runMethod" finished-at="2025-05-23T11:10:32 IST" duration-ms="31502" status="PASS">
          <reporter-output>
          </reporter-output>
        </test-method> <!-- runMethod -->
      </class> <!-- com.runners.Execution -->
    </test> <!-- Default test -->
  </suite> <!-- Default suite -->
</testng-results>
